<?xml version="1.0" encoding="UTF-8"?>
<!-- Generated by org.testng.reporters.JUnitReportReporter -->
<testsuite hostname="LAPTOP-K1LJQJ1V" name="Automation.SeleniumDemo.SignUp" tests="1" failures="0" timestamp="19 May 2021 19:28:50 GMT" time="15.350" errors="0">
  <testcase name="signUp" time="15.350" classname="Automation.SeleniumDemo.SignUp"/>
</testsuite> <!-- Automation.SeleniumDemo.SignUp -->
