<?xml version="1.0" encoding="UTF-8"?>
<!-- Generated by org.testng.reporters.JUnitReportReporter -->
<testsuite hostname="LAPTOP-K1LJQJ1V" name="Automation.SeleniumDemo.HomePage" tests="2" failures="0" timestamp="20 May 2021 15:00:26 GMT" time="9.217" errors="0">
  <testcase name="homePage" time="4.625" classname="Automation.SeleniumDemo.HomePage"/>
  <testcase name="homePage" time="4.592" classname="Automation.SeleniumDemo.HomePage"/>
</testsuite> <!-- Automation.SeleniumDemo.HomePage -->
