<?xml version="1.0" encoding="UTF-8"?>
<!-- Generated by org.testng.reporters.JUnitReportReporter -->
<testsuite hostname="LAPTOP-K1LJQJ1V" failures="0" tests="2" name="Automation.SeleniumDemo.HomePage" time="27.779" errors="0" timestamp="20 May 2021 11:14:04 GMT">
  <testcase classname="Automation.SeleniumDemo.HomePage" name="homePage" time="21.770"/>
  <testcase classname="Automation.SeleniumDemo.HomePage" name="homePage" time="6.009"/>
</testsuite> <!-- Automation.SeleniumDemo.HomePage -->
