<?xml version="1.0" encoding="UTF-8"?>
<!-- Generated by org.testng.reporters.JUnitReportReporter -->
<testsuite hostname="LAPTOP-K1LJQJ1V" failures="0" tests="1" name="Automation.SeleniumDemo.SignUp" time="17.103" errors="0" timestamp="20 May 2021 11:14:04 GMT">
  <testcase classname="Automation.SeleniumDemo.SignUp" name="signUp" time="17.103"/>
</testsuite> <!-- Automation.SeleniumDemo.SignUp -->
